[debug] [2024-09-13T07:23:36.161Z] ----------------------------------------------------------------------
[debug] [2024-09-13T07:23:36.164Z] Command:       C:\Program Files\nodejs\node.exe C:\Users\HP\AppData\Roaming\npm\node_modules\firebase-tools\lib\bin\firebase.js init
[debug] [2024-09-13T07:23:36.164Z] CLI Version:   13.17.0
[debug] [2024-09-13T07:23:36.164Z] Platform:      win32
[debug] [2024-09-13T07:23:36.164Z] Node Version:  v20.16.0
[debug] [2024-09-13T07:23:36.164Z] Time:          Fri Sep 13 2024 12:53:36 GMT+0530 (India Standard Time)
[debug] [2024-09-13T07:23:36.164Z] ----------------------------------------------------------------------
[debug] 
[debug] [2024-09-13T07:23:36.246Z] > command requires scopes: ["email","openid","https://www.googleapis.com/auth/cloudplatformprojects.readonly","https://www.googleapis.com/auth/firebase","https://www.googleapis.com/auth/cloud-platform"]
[debug] [2024-09-13T07:23:36.247Z] > authorizing via signed-in user (ratharva916@gmail.com)
[info] 
     ######## #### ########  ######## ########     ###     ######  ########
     ##        ##  ##     ## ##       ##     ##  ##   ##  ##       ##
     ######    ##  ########  ######   ########  #########  ######  ######
     ##        ##  ##    ##  ##       ##     ## ##     ##       ## ##
     ##       #### ##     ## ######## ########  ##     ##  ######  ########

You're about to initialize a Firebase project in this directory:

  C:\Users\HP\react-portfolio-main

Before we get started, keep in mind:

  * You are initializing within an existing Firebase project directory

[info] 
=== Project Setup
[info] 
[info] First, let's associate this project directory with a Firebase project.
[info] You can create multiple project aliases by running firebase use --add, 
[info] but for now we'll just set up a default project.
[info] 
[debug] [2024-09-13T07:24:08.414Z] Using project from CLI flag: react-folio-001
[debug] [2024-09-13T07:24:08.416Z] >>> [apiv2][query] GET https://firebase.googleapis.com/v1beta1/projects/react-folio-001 [none]
[debug] [2024-09-13T07:24:09.883Z] <<< [apiv2][status] GET https://firebase.googleapis.com/v1beta1/projects/react-folio-001 403
[debug] [2024-09-13T07:24:09.884Z] <<< [apiv2][body] GET https://firebase.googleapis.com/v1beta1/projects/react-folio-001 {"error":{"code":403,"message":"The caller does not have permission","status":"PERMISSION_DENIED"}}
[debug] [2024-09-13T07:24:09.884Z] HTTP Error: 403, The caller does not have permission
[debug] [2024-09-13T07:24:10.208Z] FirebaseError: HTTP Error: 403, The caller does not have permission
    at responseToError (C:\Users\HP\AppData\Roaming\npm\node_modules\firebase-tools\lib\responseToError.js:49:12)
    at RetryOperation._fn (C:\Users\HP\AppData\Roaming\npm\node_modules\firebase-tools\lib\apiv2.js:305:77)
    at process.processTicksAndRejections (node:internal/process/task_queues:95:5)
[error] 
[error] Error: Failed to get Firebase project react-folio-001. Please make sure the project exists and your account has permission to access it.
[debug] [2024-09-13T07:24:42.816Z] ----------------------------------------------------------------------
[debug] [2024-09-13T07:24:42.819Z] Command:       C:\Program Files\nodejs\node.exe C:\Users\HP\AppData\Roaming\npm\node_modules\firebase-tools\lib\bin\firebase.js use --add
[debug] [2024-09-13T07:24:42.819Z] CLI Version:   13.17.0
[debug] [2024-09-13T07:24:42.819Z] Platform:      win32
[debug] [2024-09-13T07:24:42.820Z] Node Version:  v20.16.0
[debug] [2024-09-13T07:24:42.820Z] Time:          Fri Sep 13 2024 12:54:42 GMT+0530 (India Standard Time)
[debug] [2024-09-13T07:24:42.820Z] ----------------------------------------------------------------------
[debug] 
[debug] [2024-09-13T07:24:42.883Z] > command requires scopes: ["email","openid","https://www.googleapis.com/auth/cloudplatformprojects.readonly","https://www.googleapis.com/auth/firebase","https://www.googleapis.com/auth/cloud-platform"]
[debug] [2024-09-13T07:24:42.883Z] > authorizing via signed-in user (ratharva916@gmail.com)
[debug] [2024-09-13T07:24:42.887Z] >>> [apiv2][query] GET https://firebase.googleapis.com/v1beta1/projects pageSize=1000
[debug] [2024-09-13T07:24:43.874Z] <<< [apiv2][status] GET https://firebase.googleapis.com/v1beta1/projects 200
[debug] [2024-09-13T07:24:43.874Z] <<< [apiv2][body] GET https://firebase.googleapis.com/v1beta1/projects [omitted]
[debug] [2024-09-13T07:27:14.957Z] ----------------------------------------------------------------------
[debug] [2024-09-13T07:27:14.961Z] Command:       C:\Program Files\nodejs\node.exe C:\Users\HP\AppData\Roaming\npm\node_modules\firebase-tools\lib\bin\firebase.js init
[debug] [2024-09-13T07:27:14.961Z] CLI Version:   13.17.0
[debug] [2024-09-13T07:27:14.962Z] Platform:      win32
[debug] [2024-09-13T07:27:14.962Z] Node Version:  v20.16.0
[debug] [2024-09-13T07:27:14.962Z] Time:          Fri Sep 13 2024 12:57:14 GMT+0530 (India Standard Time)
[debug] [2024-09-13T07:27:14.962Z] ----------------------------------------------------------------------
[debug] 
[debug] [2024-09-13T07:27:15.023Z] > command requires scopes: ["email","openid","https://www.googleapis.com/auth/cloudplatformprojects.readonly","https://www.googleapis.com/auth/firebase","https://www.googleapis.com/auth/cloud-platform"]
[debug] [2024-09-13T07:27:15.023Z] > authorizing via signed-in user (ratharva916@gmail.com)
[info] 
     ######## #### ########  ######## ########     ###     ######  ########
     ##        ##  ##     ## ##       ##     ##  ##   ##  ##       ##
     ######    ##  ########  ######   ########  #########  ######  ######
     ##        ##  ##    ##  ##       ##     ## ##     ##       ## ##
     ##       #### ##     ## ######## ########  ##     ##  ######  ########

You're about to initialize a Firebase project in this directory:

  C:\Users\HP\react-portfolio-main

Before we get started, keep in mind:

  * You are initializing within an existing Firebase project directory

[info] 
=== Project Setup
[info] 
[info] First, let's associate this project directory with a Firebase project.
[info] You can create multiple project aliases by running firebase use --add, 
[info] but for now we'll just set up a default project.
[info] 
[debug] [2024-09-13T07:27:24.417Z] Using project from CLI flag: react-folio-001
[debug] [2024-09-13T07:27:24.420Z] >>> [apiv2][query] GET https://firebase.googleapis.com/v1beta1/projects/react-folio-001 [none]
[debug] [2024-09-13T07:27:25.460Z] <<< [apiv2][status] GET https://firebase.googleapis.com/v1beta1/projects/react-folio-001 403
[debug] [2024-09-13T07:27:25.461Z] <<< [apiv2][body] GET https://firebase.googleapis.com/v1beta1/projects/react-folio-001 {"error":{"code":403,"message":"The caller does not have permission","status":"PERMISSION_DENIED"}}
[debug] [2024-09-13T07:27:25.462Z] HTTP Error: 403, The caller does not have permission
[debug] [2024-09-13T07:27:25.766Z] FirebaseError: HTTP Error: 403, The caller does not have permission
    at responseToError (C:\Users\HP\AppData\Roaming\npm\node_modules\firebase-tools\lib\responseToError.js:49:12)
    at RetryOperation._fn (C:\Users\HP\AppData\Roaming\npm\node_modules\firebase-tools\lib\apiv2.js:305:77)
    at process.processTicksAndRejections (node:internal/process/task_queues:95:5)
[error] 
[error] Error: Failed to get Firebase project react-folio-001. Please make sure the project exists and your account has permission to access it.
[debug] [2024-09-13T07:28:00.998Z] ----------------------------------------------------------------------
[debug] [2024-09-13T07:28:01.001Z] Command:       C:\Program Files\nodejs\node.exe C:\Users\HP\AppData\Roaming\npm\node_modules\firebase-tools\lib\bin\firebase.js deploy
[debug] [2024-09-13T07:28:01.002Z] CLI Version:   13.17.0
[debug] [2024-09-13T07:28:01.003Z] Platform:      win32
[debug] [2024-09-13T07:28:01.003Z] Node Version:  v20.16.0
[debug] [2024-09-13T07:28:01.003Z] Time:          Fri Sep 13 2024 12:58:01 GMT+0530 (India Standard Time)
[debug] [2024-09-13T07:28:01.003Z] ----------------------------------------------------------------------
[debug] 
[debug] [2024-09-13T07:28:01.072Z] > command requires scopes: ["email","openid","https://www.googleapis.com/auth/cloudplatformprojects.readonly","https://www.googleapis.com/auth/firebase","https://www.googleapis.com/auth/cloud-platform"]
[debug] [2024-09-13T07:28:01.072Z] > authorizing via signed-in user (ratharva916@gmail.com)
[debug] [2024-09-13T07:28:01.073Z] [iam] checking project react-folio-001 for permissions ["firebase.projects.get","firebasehosting.sites.update"]
[debug] [2024-09-13T07:28:01.074Z] >>> [apiv2][query] POST https://cloudresourcemanager.googleapis.com/v1/projects/react-folio-001:testIamPermissions [none]
[debug] [2024-09-13T07:28:01.074Z] >>> [apiv2][(partial)header] POST https://cloudresourcemanager.googleapis.com/v1/projects/react-folio-001:testIamPermissions x-goog-quota-user=projects/react-folio-001
[debug] [2024-09-13T07:28:01.075Z] >>> [apiv2][body] POST https://cloudresourcemanager.googleapis.com/v1/projects/react-folio-001:testIamPermissions {"permissions":["firebase.projects.get","firebasehosting.sites.update"]}
[debug] [2024-09-13T07:28:03.758Z] <<< [apiv2][status] POST https://cloudresourcemanager.googleapis.com/v1/projects/react-folio-001:testIamPermissions 200
[debug] [2024-09-13T07:28:03.758Z] <<< [apiv2][body] POST https://cloudresourcemanager.googleapis.com/v1/projects/react-folio-001:testIamPermissions {}
[debug] [2024-09-13T07:28:03.758Z] [iam] error while checking permissions, command may fail: FirebaseError: Authorization failed. This account is missing the following required permissions on project react-folio-001:

  firebase.projects.get
  firebasehosting.sites.update
[debug] [2024-09-13T07:28:03.758Z] >>> [apiv2][query] GET https://firebase.googleapis.com/v1beta1/projects/react-folio-001 [none]
[debug] [2024-09-13T07:28:04.676Z] <<< [apiv2][status] GET https://firebase.googleapis.com/v1beta1/projects/react-folio-001 403
[debug] [2024-09-13T07:28:04.677Z] <<< [apiv2][body] GET https://firebase.googleapis.com/v1beta1/projects/react-folio-001 {"error":{"code":403,"message":"The caller does not have permission","status":"PERMISSION_DENIED"}}
[debug] [2024-09-13T07:28:04.679Z] HTTP Error: 403, The caller does not have permission
[debug] [2024-09-13T07:28:04.972Z] FirebaseError: HTTP Error: 403, The caller does not have permission
    at responseToError (C:\Users\HP\AppData\Roaming\npm\node_modules\firebase-tools\lib\responseToError.js:49:12)
    at RetryOperation._fn (C:\Users\HP\AppData\Roaming\npm\node_modules\firebase-tools\lib\apiv2.js:305:77)
    at process.processTicksAndRejections (node:internal/process/task_queues:95:5)
[error] 
[error] Error: Failed to get Firebase project react-folio-001. Please make sure the project exists and your account has permission to access it.
[debug] [2024-09-13T07:30:27.465Z] ----------------------------------------------------------------------
[debug] [2024-09-13T07:30:27.469Z] Command:       C:\Program Files\nodejs\node.exe C:\Users\HP\AppData\Roaming\npm\node_modules\firebase-tools\lib\bin\firebase.js init
[debug] [2024-09-13T07:30:27.469Z] CLI Version:   13.17.0
[debug] [2024-09-13T07:30:27.470Z] Platform:      win32
[debug] [2024-09-13T07:30:27.470Z] Node Version:  v20.16.0
[debug] [2024-09-13T07:30:27.470Z] Time:          Fri Sep 13 2024 13:00:27 GMT+0530 (India Standard Time)
[debug] [2024-09-13T07:30:27.470Z] ----------------------------------------------------------------------
[debug] 
[debug] [2024-09-13T07:30:27.531Z] > command requires scopes: ["email","openid","https://www.googleapis.com/auth/cloudplatformprojects.readonly","https://www.googleapis.com/auth/firebase","https://www.googleapis.com/auth/cloud-platform"]
[debug] [2024-09-13T07:30:27.531Z] > authorizing via signed-in user (ratharva916@gmail.com)
[info] 
     ######## #### ########  ######## ########     ###     ######  ########
     ##        ##  ##     ## ##       ##     ##  ##   ##  ##       ##
     ######    ##  ########  ######   ########  #########  ######  ######
     ##        ##  ##    ##  ##       ##     ## ##     ##       ## ##
     ##       #### ##     ## ######## ########  ##     ##  ######  ########

You're about to initialize a Firebase project in this directory:

  C:\Users\HP\react-portfolio-main

Before we get started, keep in mind:

  * You are initializing within an existing Firebase project directory

[info] 
=== Project Setup
[info] 
[info] First, let's associate this project directory with a Firebase project.
[info] You can create multiple project aliases by running firebase use --add, 
[info] but for now we'll just set up a default project.
[info] 
[debug] [2024-09-13T07:31:06.922Z] Using project from CLI flag: react-folio-001
[debug] [2024-09-13T07:31:06.925Z] >>> [apiv2][query] GET https://firebase.googleapis.com/v1beta1/projects/react-folio-001 [none]
[debug] [2024-09-13T07:31:08.078Z] <<< [apiv2][status] GET https://firebase.googleapis.com/v1beta1/projects/react-folio-001 403
[debug] [2024-09-13T07:31:08.078Z] <<< [apiv2][body] GET https://firebase.googleapis.com/v1beta1/projects/react-folio-001 {"error":{"code":403,"message":"The caller does not have permission","status":"PERMISSION_DENIED"}}
[debug] [2024-09-13T07:31:08.078Z] HTTP Error: 403, The caller does not have permission
[debug] [2024-09-13T07:31:08.399Z] FirebaseError: HTTP Error: 403, The caller does not have permission
    at responseToError (C:\Users\HP\AppData\Roaming\npm\node_modules\firebase-tools\lib\responseToError.js:49:12)
    at RetryOperation._fn (C:\Users\HP\AppData\Roaming\npm\node_modules\firebase-tools\lib\apiv2.js:305:77)
    at process.processTicksAndRejections (node:internal/process/task_queues:95:5)
[error] 
[error] Error: Failed to get Firebase project react-folio-001. Please make sure the project exists and your account has permission to access it.
[debug] [2024-09-13T07:34:03.515Z] ----------------------------------------------------------------------
[debug] [2024-09-13T07:34:03.517Z] Command:       C:\Program Files\nodejs\node.exe C:\Users\HP\AppData\Roaming\npm\node_modules\firebase-tools\lib\bin\firebase.js init
[debug] [2024-09-13T07:34:03.517Z] CLI Version:   13.17.0
[debug] [2024-09-13T07:34:03.517Z] Platform:      win32
[debug] [2024-09-13T07:34:03.518Z] Node Version:  v20.16.0
[debug] [2024-09-13T07:34:03.518Z] Time:          Fri Sep 13 2024 13:04:03 GMT+0530 (India Standard Time)
[debug] [2024-09-13T07:34:03.518Z] ----------------------------------------------------------------------
[debug] 
[debug] [2024-09-13T07:34:03.577Z] > command requires scopes: ["email","openid","https://www.googleapis.com/auth/cloudplatformprojects.readonly","https://www.googleapis.com/auth/firebase","https://www.googleapis.com/auth/cloud-platform"]
[debug] [2024-09-13T07:34:03.577Z] > authorizing via signed-in user (ratharva916@gmail.com)
[info] 
     ######## #### ########  ######## ########     ###     ######  ########
     ##        ##  ##     ## ##       ##     ##  ##   ##  ##       ##
     ######    ##  ########  ######   ########  #########  ######  ######
     ##        ##  ##    ##  ##       ##     ## ##     ##       ## ##
     ##       #### ##     ## ######## ########  ##     ##  ######  ########

You're about to initialize a Firebase project in this directory:

  C:\Users\HP\react-portfolio-main

Before we get started, keep in mind:

  * You are initializing within an existing Firebase project directory

[info] 
=== Project Setup
[info] 
[info] First, let's associate this project directory with a Firebase project.
[info] You can create multiple project aliases by running firebase use --add, 
[info] but for now we'll just set up a default project.
[info] 
[debug] [2024-09-13T07:34:36.457Z] Using project from CLI flag: react-folio-001
[debug] [2024-09-13T07:34:36.459Z] >>> [apiv2][query] GET https://firebase.googleapis.com/v1beta1/projects/react-folio-001 [none]
[debug] [2024-09-13T07:34:37.270Z] <<< [apiv2][status] GET https://firebase.googleapis.com/v1beta1/projects/react-folio-001 403
[debug] [2024-09-13T07:34:37.271Z] <<< [apiv2][body] GET https://firebase.googleapis.com/v1beta1/projects/react-folio-001 {"error":{"code":403,"message":"The caller does not have permission","status":"PERMISSION_DENIED"}}
[debug] [2024-09-13T07:34:37.271Z] HTTP Error: 403, The caller does not have permission
[debug] [2024-09-13T07:34:37.612Z] FirebaseError: HTTP Error: 403, The caller does not have permission
    at responseToError (C:\Users\HP\AppData\Roaming\npm\node_modules\firebase-tools\lib\responseToError.js:49:12)
    at RetryOperation._fn (C:\Users\HP\AppData\Roaming\npm\node_modules\firebase-tools\lib\apiv2.js:305:77)
    at process.processTicksAndRejections (node:internal/process/task_queues:95:5)
[error] 
[error] Error: Failed to get Firebase project react-folio-001. Please make sure the project exists and your account has permission to access it.
